<?xml version="1.0" encoding="UTF-8"?>
<!-- Generated by org.testng.reporters.JUnitReportReporter -->
<testsuite hostname="DESKTOP-9PBJ48E" failures="0" tests="1" name="Blaze.login" time="14.959" errors="0" timestamp="2024-02-23T17:54:32 NPT" skipped="0">
  <testcase classname="Blaze.login" name="logininfo" time="14.959"/>
  <system-out/>
</testsuite> <!-- Blaze.login -->
