<?xml version="1.0" encoding="UTF-8"?>
<!-- Generated by org.testng.reporters.JUnitReportReporter -->
<testsuite hostname="DESKTOP-9PBJ48E" failures="0" tests="1" name="Blaze.blazedemo" time="11.384" errors="0" timestamp="2024-02-23T18:02:19 NPT" skipped="0">
  <testcase classname="Blaze.blazedemo" name="flightbooking" time="11.384"/>
  <system-out/>
</testsuite> <!-- Blaze.blazedemo -->
