<?xml version="1.0" encoding="UTF-8"?>
<!-- Generated by org.testng.reporters.JUnitReportReporter -->
<testsuite hostname="DESKTOP-9PBJ48E" failures="0" tests="1" name="Blaze.Register" time="15.333" errors="0" timestamp="2024-02-23T17:40:19 NPT" skipped="0">
  <testcase classname="Blaze.Register" name="reginfo" time="15.333"/>
  <system-out/>
</testsuite> <!-- Blaze.Register -->
